<?xml version="1.0" encoding="UTF-8"?>
<testsuite xmlns:xsi="http://www.w3.org/2001/XMLSchema-instance" xsi:noNamespaceSchemaLocation="https://maven.apache.org/surefire/maven-surefire-plugin/xsd/surefire-test-report.xsd" version="3.0.2" name="SparklePro.sparkle_ws.SparkleWsApplicationTests" time="1.153" tests="1" errors="0" skipped="0" failures="0">
  <properties>
[...]
</properties>
  <testcase name="contextLoads" classname="SparklePro.sparkle_ws.SparkleWsApplicationTests" time="0.405">
    <system-out><![CDATA[22:30:00.545 [main] INFO org.springframework.test.context.support.AnnotationConfigContextLoaderUtils -- Could not detect default configuration classes for test class [SparklePro.sparkle_ws.SparkleWsApplicationTests]: SparkleWsApplicationTests does not declare any static, non-private, non-final, nested classes annotated with @Configuration.
22:30:00.594 [main] INFO org.springframework.boot.test.context.SpringBootTestContextBootstrapper -- Found @SpringBootConfiguration SparklePro.sparkle_ws.SparkleWsApplication for test class SparklePro.sparkle_ws.SparkleWsApplicationTests

  .   ____          _            __ _ _
 /\\ / ___'_ __ _ _(_)_ __  __ _ \ \ \ \
( ( )\___ | '_ | '_| | '_ \/ _` | \ \ \ \
 \\/  ___)| |_)| | | | | || (_| |  ) ) ) )
  '  |____| .__|_| |_|_| |_\__, | / / / /
 =========|_|==============|___/=/_/_/_/

 :: Spring Boot ::                (v3.4.2)

2025-02-12T22:30:00.747+08:00  INFO 24445 --- [sparkle_ws] [           main] S.sparkle_ws.SparkleWsApplicationTests   : Starting SparkleWsApplicationTests using Java 23.0.2 with PID 24445 (started by zhouhuanquan in /Users/zhouhuanquan/Desktop/j2ee_deployment/sparkle_ws)
2025-02-12T22:30:00.748+08:00  INFO 24445 --- [sparkle_ws] [           main] S.sparkle_ws.SparkleWsApplicationTests   : No active profile set, falling back to 1 default profile: "default"
2025-02-12T22:30:01.160+08:00  WARN 24445 --- [sparkle_ws] [           main] ion$DefaultTemplateResolverConfiguration : Cannot find template location: classpath:/templates/ (please add some templates, check your Thymeleaf configuration, or set spring.thymeleaf.check-template-location=false)
2025-02-12T22:30:01.209+08:00  INFO 24445 --- [sparkle_ws] [           main] S.sparkle_ws.SparkleWsApplicationTests   : Started SparkleWsApplicationTests in 0.563 seconds (process running for 0.985)
]]></system-out>
    <system-err><![CDATA[Mockito is currently self-attaching to enable the inline-mock-maker. This will no longer work in future releases of the JDK. Please add Mockito as an agent to your build what is described in Mockito's documentation: https://javadoc.io/doc/org.mockito/mockito-core/latest/org/mockito/Mockito.html#0.3
WARNING: A Java agent has been loaded dynamically (/Users/zhouhuanquan/.m2/repository/net/bytebuddy/byte-buddy-agent/1.15.11/byte-buddy-agent-1.15.11.jar)
WARNING: If a serviceability tool is in use, please run with -XX:+EnableDynamicAgentLoading to hide this warning
WARNING: If a serviceability tool is not in use, please run with -Djdk.instrument.traceUsage for more information
WARNING: Dynamic loading of agents will be disallowed by default in a future release
]]></system-err>
  </testcase>
</testsuite>